{"/home/leha/frontend-project-46/index.js": {"path":"/home/leha/frontend-project-46/index.js","all":false,"statementMap":{"0":{"start":{"line":1,"column":0},"end":{"line":1,"column":25}},"1":{"start":{"line":2,"column":0},"end":{"line":2,"column":29}},"2":{"start":{"line":3,"column":0},"end":{"line":3,"column":23}},"3":{"start":{"line":4,"column":0},"end":{"line":4,"column":0}},"4":{"start":{"line":5,"column":0},"end":{"line":5,"column":41}},"5":{"start":{"line":6,"column":0},"end":{"line":6,"column":36}},"6":{"start":{"line":7,"column":0},"end":{"line":7,"column":22}},"7":{"start":{"line":8,"column":0},"end":{"line":8,"column":3}},"8":{"start":{"line":9,"column":0},"end":{"line":9,"column":49}},"9":{"start":{"line":10,"column":0},"end":{"line":10,"column":2}},"10":{"start":{"line":11,"column":0},"end":{"line":11,"column":0}},"11":{"start":{"line":12,"column":0},"end":{"line":12,"column":76}},"12":{"start":{"line":13,"column":0},"end":{"line":13,"column":0}},"13":{"start":{"line":14,"column":0},"end":{"line":14,"column":43}},"14":{"start":{"line":15,"column":0},"end":{"line":15,"column":51}},"15":{"start":{"line":16,"column":0},"end":{"line":16,"column":51}},"16":{"start":{"line":17,"column":0},"end":{"line":17,"column":0}},"17":{"start":{"line":18,"column":0},"end":{"line":18,"column":46}},"18":{"start":{"line":19,"column":0},"end":{"line":19,"column":46}},"19":{"start":{"line":20,"column":0},"end":{"line":20,"column":0}},"20":{"start":{"line":21,"column":0},"end":{"line":21,"column":33}},"21":{"start":{"line":22,"column":0},"end":{"line":22,"column":33}},"22":{"start":{"line":23,"column":0},"end":{"line":23,"column":0}},"23":{"start":{"line":24,"column":0},"end":{"line":24,"column":63}},"24":{"start":{"line":25,"column":0},"end":{"line":25,"column":59}},"25":{"start":{"line":26,"column":0},"end":{"line":26,"column":0}},"26":{"start":{"line":27,"column":0},"end":{"line":27,"column":56}},"27":{"start":{"line":28,"column":0},"end":{"line":28,"column":29}},"28":{"start":{"line":29,"column":0},"end":{"line":29,"column":29}},"29":{"start":{"line":30,"column":0},"end":{"line":30,"column":0}},"30":{"start":{"line":31,"column":0},"end":{"line":31,"column":28}},"31":{"start":{"line":32,"column":0},"end":{"line":32,"column":45}},"32":{"start":{"line":33,"column":0},"end":{"line":33,"column":5}},"33":{"start":{"line":34,"column":0},"end":{"line":34,"column":0}},"34":{"start":{"line":35,"column":0},"end":{"line":35,"column":64}},"35":{"start":{"line":36,"column":0},"end":{"line":36,"column":45}},"36":{"start":{"line":37,"column":0},"end":{"line":37,"column":5}},"37":{"start":{"line":38,"column":0},"end":{"line":38,"column":64}},"38":{"start":{"line":39,"column":0},"end":{"line":39,"column":45}},"39":{"start":{"line":40,"column":0},"end":{"line":40,"column":5}},"40":{"start":{"line":41,"column":0},"end":{"line":41,"column":0}},"41":{"start":{"line":42,"column":0},"end":{"line":42,"column":66}},"42":{"start":{"line":43,"column":0},"end":{"line":43,"column":9}},"43":{"start":{"line":44,"column":0},"end":{"line":44,"column":0}},"44":{"start":{"line":45,"column":0},"end":{"line":45,"column":38}},"45":{"start":{"line":46,"column":0},"end":{"line":46,"column":2}},"46":{"start":{"line":47,"column":0},"end":{"line":47,"column":0}},"47":{"start":{"line":48,"column":0},"end":{"line":48,"column":23}}},"s":{"0":1,"1":1,"2":1,"3":1,"4":1,"5":2,"6":2,"7":2,"8":0,"9":0,"10":1,"11":1,"12":1,"13":1,"14":1,"15":1,"16":1,"17":1,"18":1,"19":1,"20":1,"21":1,"22":1,"23":1,"24":1,"25":1,"26":1,"27":5,"28":5,"29":5,"30":5,"31":1,"32":1,"33":4,"34":5,"35":2,"36":2,"37":5,"38":1,"39":1,"40":1,"41":1,"42":1,"43":1,"44":1,"45":1,"46":1,"47":1},"branchMap":{"0":{"type":"branch","line":5,"loc":{"start":{"line":5,"column":25},"end":{"line":10,"column":2}},"locations":[{"start":{"line":5,"column":25},"end":{"line":10,"column":2}}]},"1":{"type":"branch","line":8,"loc":{"start":{"line":8,"column":2},"end":{"line":10,"column":2}},"locations":[{"start":{"line":8,"column":2},"end":{"line":10,"column":2}}]},"2":{"type":"branch","line":12,"loc":{"start":{"line":12,"column":24},"end":{"line":12,"column":75}},"locations":[{"start":{"line":12,"column":24},"end":{"line":12,"column":75}}]},"3":{"type":"branch","line":14,"loc":{"start":{"line":14,"column":16},"end":{"line":46,"column":2}},"locations":[{"start":{"line":14,"column":16},"end":{"line":46,"column":2}}]},"4":{"type":"branch","line":27,"loc":{"start":{"line":27,"column":41},"end":{"line":43,"column":3}},"locations":[{"start":{"line":27,"column":41},"end":{"line":43,"column":3}}]},"5":{"type":"branch","line":31,"loc":{"start":{"line":31,"column":27},"end":{"line":33,"column":5}},"locations":[{"start":{"line":31,"column":27},"end":{"line":33,"column":5}}]},"6":{"type":"branch","line":33,"loc":{"start":{"line":33,"column":4},"end":{"line":35,"column":36}},"locations":[{"start":{"line":33,"column":4},"end":{"line":35,"column":36}}]},"7":{"type":"branch","line":35,"loc":{"start":{"line":35,"column":32},"end":{"line":35,"column":61}},"locations":[{"start":{"line":35,"column":32},"end":{"line":35,"column":61}}]},"8":{"type":"branch","line":35,"loc":{"start":{"line":35,"column":63},"end":{"line":38,"column":37}},"locations":[{"start":{"line":35,"column":63},"end":{"line":38,"column":37}}]},"9":{"type":"branch","line":38,"loc":{"start":{"line":38,"column":33},"end":{"line":38,"column":61}},"locations":[{"start":{"line":38,"column":33},"end":{"line":38,"column":61}}]},"10":{"type":"branch","line":38,"loc":{"start":{"line":38,"column":63},"end":{"line":43,"column":3}},"locations":[{"start":{"line":38,"column":63},"end":{"line":43,"column":3}}]}},"b":{"0":[2],"1":[0],"2":[2],"3":[1],"4":[5],"5":[1],"6":[4],"7":[3],"8":[2],"9":[1],"10":[1]},"fnMap":{"0":{"name":"getAbsolutePath","decl":{"start":{"line":5,"column":25},"end":{"line":10,"column":2}},"loc":{"start":{"line":5,"column":25},"end":{"line":10,"column":2}},"line":5},"1":{"name":"getFileContent","decl":{"start":{"line":12,"column":24},"end":{"line":12,"column":75}},"loc":{"start":{"line":12,"column":24},"end":{"line":12,"column":75}},"line":12},"2":{"name":"gendiff","decl":{"start":{"line":14,"column":16},"end":{"line":46,"column":2}},"loc":{"start":{"line":14,"column":16},"end":{"line":46,"column":2}},"line":14}},"f":{"0":2,"1":2,"2":1}}
}
