TN:
SF:index.js
FN:5,getAbsolutePath
FN:12,getFileContent
FN:14,gendiff
FNF:3
FNH:3
FNDA:2,getAbsolutePath
FNDA:2,getFileContent
FNDA:1,gendiff
DA:1,1
DA:2,1
DA:3,1
DA:4,1
DA:5,1
DA:6,2
DA:7,2
DA:8,2
DA:9,0
DA:10,0
DA:11,1
DA:12,1
DA:13,1
DA:14,1
DA:15,1
DA:16,1
DA:17,1
DA:18,1
DA:19,1
DA:20,1
DA:21,1
DA:22,1
DA:23,1
DA:24,1
DA:25,1
DA:26,1
DA:27,1
DA:28,5
DA:29,5
DA:30,5
DA:31,5
DA:32,1
DA:33,1
DA:34,4
DA:35,5
DA:36,2
DA:37,2
DA:38,5
DA:39,1
DA:40,1
DA:41,1
DA:42,1
DA:43,1
DA:44,1
DA:45,1
DA:46,1
DA:47,1
DA:48,1
LF:48
LH:46
BRDA:5,0,0,2
BRDA:8,1,0,0
BRDA:12,2,0,2
BRDA:14,3,0,1
BRDA:27,4,0,5
BRDA:31,5,0,1
BRDA:33,6,0,4
BRDA:35,7,0,3
BRDA:35,8,0,2
BRDA:38,9,0,1
BRDA:38,10,0,1
BRF:11
BRH:10
end_of_record
